finish
/clear
/BATCH  
!/input,menust,tmp,''
WPSTYLE,,,,,,,,0
/prep7  
rectng,0,12,0,12
!circle,(6,6),3  
k,10000,6,6 
circle,10000,3  

allsel,all  
lsel,s,line,,5,8,1  

  
asbl,1,all,,,   
APLOT   
adele,2 

ET,1,PLANE183   
MPTEMP,,,,,,,,  
MPTEMP,1,0  
MPDATA,EX,1,,30 
MPDATA,PRXY,1,,0.3  
SAVE,'02','DB','',MODEL 
TYPE,   1   
MAT,       1
REAL,   
ESYS,       0   
SECNUM, 
SMRT,1  
MSHAPE,0,3D 
MSHKEY,0
ASEL,ALL
AMESH,ALL   
FINISH  
/SOL

   
allsel,all  

 
FLST,2,1,4,ORDE,1   
FITEM,2,4   
!*  
/GO 
DL,P51X, ,ALL,  
FLST,2,1,4,ORDE,1   
FITEM,2,2   
!*  
/GO 
DL,P51X, ,UX,0.12   
/STATUS,SOLU
SOLVE   

/post1
allsel,all
*creat,get_node_inf,mac

*get,nodnum,NODE,0,COUNT
*DIM,S_xyz,array,nodnum,6
*get,Nd,NODE,0,NUM,MIN
*DO,I,1,nodnum,1
S_xyz(I,1)=Nd
S_xyz(I,2)=NX(Nd)
S_xyz(I,3)=NY(Nd)
S_xyz(I,4)=NZ(Nd)
*get,S_xyz(I,5),NODE,Nd,S,EQV
*get,S_xyz(I,6),NODE,Nd,U,SUM
Nd=NDNEXT(Nd)
*ENDDO
*end
*creat,out_node_inf,mac
*cfopen,node_info,inp

*vwrite,S_xyz(1,1),S_xyz(1,2),S_xyz(1,3),S_xyz(1,4),S_xyz(1,5)
(F10.0,3F15.4,E15.5)
*cfclose
*end

